<?xml version="1.0" encoding="UTF-8" ?>
<testsuite tests="2" failures="1" name="test_Features.Google_Test" time="1.59" errors="0" skipped="0">
  <properties>
[...]
</properties>
  <testcase classname="test_Features.Google_Test" name="visit_google_site" time="1.031"/>
  <testcase classname="test_Features.Google_Test" name="failing_test" time="0.559">
    <failure message="expected:&lt;https://w[ww.google.hu/]&gt; but was:&lt;https://w[ikipedia.com]&gt;" type="org.junit.ComparisonFailure">org.junit.ComparisonFailure: expected:&lt;https://w[ww.google.hu/]&gt; but was:&lt;https://w[ikipedia.com]&gt;
	at org.junit.Assert.assertEquals(Assert.java:115)
	at org.junit.Assert.assertEquals(Assert.java:144)
	at jbehave_Tests.Google_Test_Steps.I_get_a_failed_result(Google_Test_Steps.java:26)
	at jbehave_Tests.Google_Test_Steps$ByteBuddy$5LD4sTJ7.I_get_a_failed_result$accessor$L7zJHqyK(Unknown Source)
	at jbehave_Tests.Google_Test_Steps$ByteBuddy$5LD4sTJ7$auxiliary$X5PEIMbC.call(Unknown Source)
	at com.tngtech.jgiven.impl.intercept.ByteBuddyMethodInterceptor$1.proceed(ByteBuddyMethodInterceptor.java:43)
	at com.tngtech.jgiven.impl.intercept.StepInterceptorImpl.doIntercept(StepInterceptorImpl.java:109)
	at com.tngtech.jgiven.impl.intercept.StepInterceptorImpl.intercept(StepInterceptorImpl.java:76)
	at com.tngtech.jgiven.impl.intercept.ByteBuddyMethodInterceptor.interceptSuper(ByteBuddyMethodInterceptor.java:47)
	at jbehave_Tests.Google_Test_Steps$ByteBuddy$5LD4sTJ7.I_get_a_failed_result(Unknown Source)
	at test_Features.Google_Test.failing_test(Google_Test.java:97)
	at sun.reflect.NativeMethodAccessorImpl.invoke0(Native Method)
	at sun.reflect.NativeMethodAccessorImpl.invoke(NativeMethodAccessorImpl.java:62)
	at sun.reflect.DelegatingMethodAccessorImpl.invoke(DelegatingMethodAccessorImpl.java:43)
	at java.lang.reflect.Method.invoke(Method.java:498)
	at org.junit.runners.model.FrameworkMethod$1.runReflectiveCall(FrameworkMethod.java:50)
	at org.junit.internal.runners.model.ReflectiveCallable.run(ReflectiveCallable.java:12)
	at org.junit.runners.model.FrameworkMethod.invokeExplosively(FrameworkMethod.java:47)
	at org.junit.internal.runners.statements.InvokeMethod.evaluate(InvokeMethod.java:17)
	at com.tngtech.jgiven.junit.JGivenMethodRule$1.evaluate(JGivenMethodRule.java:73)
	at org.junit.rules.TestWatcher$1.evaluate(TestWatcher.java:55)
	at org.junit.rules.RunRules.evaluate(RunRules.java:20)
	at org.junit.runners.ParentRunner.runLeaf(ParentRunner.java:325)
	at org.junit.runners.BlockJUnit4ClassRunner.runChild(BlockJUnit4ClassRunner.java:78)
	at org.junit.runners.BlockJUnit4ClassRunner.runChild(BlockJUnit4ClassRunner.java:57)
	at org.junit.runners.ParentRunner$3.run(ParentRunner.java:290)
	at org.junit.runners.ParentRunner$1.schedule(ParentRunner.java:71)
	at org.junit.runners.ParentRunner.runChildren(ParentRunner.java:288)
	at org.junit.runners.ParentRunner.access$000(ParentRunner.java:58)
	at org.junit.runners.ParentRunner$2.evaluate(ParentRunner.java:268)
	at org.junit.internal.runners.statements.RunBefores.evaluate(RunBefores.java:26)
	at org.junit.internal.runners.statements.RunAfters.evaluate(RunAfters.java:27)
	at org.junit.rules.TestWatcher$1.evaluate(TestWatcher.java:55)
	at org.junit.rules.RunRules.evaluate(RunRules.java:20)
	at org.junit.runners.ParentRunner.run(ParentRunner.java:363)
	at org.apache.maven.surefire.junit4.JUnit4Provider.execute(JUnit4Provider.java:252)
	at org.apache.maven.surefire.junit4.JUnit4Provider.executeTestSet(JUnit4Provider.java:141)
	at org.apache.maven.surefire.junit4.JUnit4Provider.invoke(JUnit4Provider.java:112)
	at sun.reflect.NativeMethodAccessorImpl.invoke0(Native Method)
	at sun.reflect.NativeMethodAccessorImpl.invoke(NativeMethodAccessorImpl.java:62)
	at sun.reflect.DelegatingMethodAccessorImpl.invoke(DelegatingMethodAccessorImpl.java:43)
	at java.lang.reflect.Method.invoke(Method.java:498)
	at org.apache.maven.surefire.util.ReflectionUtils.invokeMethodWithArray(ReflectionUtils.java:189)
	at org.apache.maven.surefire.booter.ProviderFactory$ProviderProxy.invoke(ProviderFactory.java:165)
	at org.apache.maven.surefire.booter.ProviderFactory.invokeProvider(ProviderFactory.java:85)
	at org.apache.maven.surefire.booter.ForkedBooter.runSuitesInProcess(ForkedBooter.java:115)
	at org.apache.maven.surefire.booter.ForkedBooter.main(ForkedBooter.java:75)
</failure>
  </testcase>
</testsuite>